2018-08-30 14:06:54,210:INFO: Loading the datasets...
2018-08-30 14:06:54,578:INFO: - done.
2018-08-30 14:06:54,591:INFO: Starting training for 6 epoch(s)
2018-08-30 14:06:54,591:INFO: Epoch 1/6
2018-08-30 14:11:46,879:INFO: - Train metrics: loss: 0.428, acc: 0.800, prec_0: 0.813, prec_1: 0.780, reca_0: 0.852, reca_1: 0.728
2018-08-30 14:11:49,652:INFO: - Eval metrics: loss: 0.356, acc: 0.938, prec_0: 1.000, prec_1: 0.933, reca_0: 0.500, reca_1: 1.000
2018-08-30 14:11:49,676:INFO: - Found new best accuracy
2018-08-30 14:11:49,678:INFO: Epoch 2/6
2018-08-30 14:16:44,306:INFO: - Train metrics: loss: 0.362, acc: 0.844, prec_0: 0.869, prec_1: 0.810, reca_0: 0.863, reca_1: 0.818
2018-08-30 14:16:47,183:INFO: - Eval metrics: loss: 0.351, acc: 0.875, prec_0: 0.500, prec_1: 0.929, reca_0: 0.500, reca_1: 0.929
2018-08-30 14:16:47,296:INFO: Epoch 3/6
2018-08-30 14:21:31,937:INFO: - Train metrics: loss: 0.333, acc: 0.858, prec_0: 0.881, prec_1: 0.827, reca_0: 0.874, reca_1: 0.836
2018-08-30 14:21:34,660:INFO: - Eval metrics: loss: 0.370, acc: 0.812, prec_0: 0.333, prec_1: 0.923, reca_0: 0.500, reca_1: 0.857
2018-08-30 14:21:34,782:INFO: Epoch 4/6
2018-08-30 14:26:20,828:INFO: - Train metrics: loss: 0.310, acc: 0.871, prec_0: 0.891, prec_1: 0.844, reca_0: 0.887, reca_1: 0.848
2018-08-30 14:26:23,682:INFO: - Eval metrics: loss: 0.357, acc: 0.938, prec_0: 1.000, prec_1: 0.933, reca_0: 0.500, reca_1: 1.000
2018-08-30 14:26:23,798:INFO: Epoch 5/6
2018-08-30 14:31:14,371:INFO: - Train metrics: loss: 0.295, acc: 0.877, prec_0: 0.896, prec_1: 0.850, reca_0: 0.894, reca_1: 0.852
2018-08-30 14:31:17,510:INFO: - Eval metrics: loss: 0.424, acc: 0.812, prec_0: 0.333, prec_1: 0.923, reca_0: 0.500, reca_1: 0.857
2018-08-30 14:31:17,636:INFO: Epoch 6/6
2018-08-30 14:36:10,034:INFO: - Train metrics: loss: 0.277, acc: 0.885, prec_0: 0.901, prec_1: 0.862, reca_0: 0.900, reca_1: 0.863
2018-08-30 14:36:13,038:INFO: - Eval metrics: loss: 0.338, acc: 0.875, prec_0: 0.500, prec_1: 0.929, reca_0: 0.500, reca_1: 0.929
